19/12/12 19:58:37 : Username and Password not accepted. Learn more at<EOL> https://support.google.com/mail/?p=BadCredentials h8sm7470866wrx.63 - gsmtp<EOL>
19/12/12 19:58:57 : Username and Password not accepted. Learn more at<EOL> https://support.google.com/mail/?p=BadCredentials u10sm7043771wmd.1 - gsmtp<EOL>
19/12/12 19:58:59 : Username and Password not accepted. Learn more at<EOL> https://support.google.com/mail/?p=BadCredentials x18sm7130263wrr.75 - gsmtp<EOL>
19/12/12 19:59:17 : Username and Password not accepted. Learn more at<EOL> https://support.google.com/mail/?p=BadCredentials u18sm6903237wrt.26 - gsmtp<EOL>
19/12/12 19:59:53 : Username and Password not accepted. Learn more at<EOL> https://support.google.com/mail/?p=BadCredentials d6sm7156289wmb.6 - gsmtp<EOL>
19/12/12 19:59:55 : Username and Password not accepted. Learn more at<EOL> https://support.google.com/mail/?p=BadCredentials k13sm7215919wrx.59 - gsmtp<EOL>
19/12/19 09:51:33 : Message is missing recipient's address
19/12/19 09:51:37 : Message is missing recipient's address
19/12/19 09:53:14 : Message is missing recipient's address
19/12/19 09:55:59 : Message is missing recipient's address
19/12/19 09:59:23 : Message is missing recipient's address
19/12/19 10:00:32 : Message is missing recipient's address
19/12/19 10:01:44 : Message is missing recipient's address
19/12/19 10:01:46 : Message is missing recipient's address
19/12/19 10:02:59 : Message is missing recipient's address
19/12/19 10:03:01 : Message is missing recipient's address
19/12/19 10:06:15 : Message is missing recipient's address
19/12/19 10:06:49 : Message is missing recipient's address
19/12/19 10:06:50 : Message is missing recipient's address
19/12/19 10:09:55 : Message is missing recipient's address
19/12/19 10:09:58 : Message is missing recipient's address
19/12/19 10:10:00 : Message is missing recipient's address
19/12/19 10:12:30 : Message is missing recipient's address
19/12/19 10:12:32 : Message is missing recipient's address
19/12/20 21:52:34 : Message is missing sender's address
